#
# There is insufficient memory for the Java Runtime Environment to continue.
# Native memory allocation (malloc) failed to allocate 1048576 bytes for AllocateHeap
# Possible reasons:
#   The system is out of physical RAM or swap space
#   In 32 bit mode, the process size limit was hit
# Possible solutions:
#   Reduce memory load on the system
#   Increase physical memory or swap space
#   Check if swap backing store is full
#   Use 64 bit Java on a 64 bit OS
#   Decrease Java heap size (-Xmx/-Xms)
#   Decrease number of Java threads
#   Decrease Java thread stack sizes (-Xss)
#   Set larger code cache with -XX:ReservedCodeCacheSize=
# This output file may be truncated or incomplete.
#
#  Out of Memory Error (memory/allocation.inline.hpp:61), pid=8832, tid=12252
#
# JRE version:  (7.0_79-b15) (build )
# Java VM: Java HotSpot(TM) 64-Bit Server VM (24.79-b02 mixed mode windows-amd64 compressed oops)
# Failed to write core dump. Minidumps are not enabled by default on client versions of Windows
#

---------------  T H R E A D  ---------------

Current thread (0x000000000268e800):  JavaThread "Unknown thread" [_thread_in_vm, id=12252, stack(0x0000000002570000,0x0000000002670000)]

Stack: [0x0000000002570000,0x0000000002670000]

---------------  P R O C E S S  ---------------

Java Threads: ( => current thread )

Other Threads:

=>0x000000000268e800 (exited) JavaThread "Unknown thread" [_thread_in_vm, id=12252, stack(0x0000000002570000,0x0000000002670000)]

VM state:not at safepoint (normal execution)

VM Mutex/Monitor currently owned by a thread: None

Heap
 PSYoungGen      total 76288K, used 1310K [0x00000000eaa80000, 0x00000000eff80000, 0x0000000100000000)
  eden space 65536K, 2% used [0x00000000eaa80000,0x00000000eabc7b38,0x00000000eea80000)
  from space 10752K, 0% used [0x00000000ef500000,0x00000000ef500000,0x00000000eff80000)
  to   space 10752K, 0% used [0x00000000eea80000,0x00000000eea80000,0x00000000ef500000)
 ParOldGen       total 173568K, used 0K [0x00000000c0000000, 0x00000000ca980000, 0x00000000eaa80000)
  object space 173568K, 0% used [0x00000000c0000000,0x00000000c0000000,0x00000000ca980000)
 PSPermGen       total 21504K, used 697K [0x00000000bae00000, 0x00000000bc300000, 0x00000000c0000000)
  object space 21504K, 3% used [0x00000000bae00000,0x00000000baeae588,0x00000000bc300000)

Card table byte_map: [0x0000000005850000,0x0000000005a80000] byte_map_base: 0x0000000005279000

Polling page: 0x0000000000cf0000

Code Cache  [0x0000000002790000, 0x0000000002a00000, 0x0000000005790000)
 total_blobs=38 nmethods=0 adapters=20 free_code_cache=48889Kb largest_free_block=50062528

Compilation events (0 events):
No events

GC Heap History (0 events):
No events

Deoptimization events (0 events):
No events

Internal exceptions (0 events):
No events

Events (10 events):
Event: 0.017 loading class 0x00000000026e0ab0
Event: 0.017 loading class 0x00000000026e0ab0 done
Event: 0.017 loading class 0x00000000026e0b00
Event: 0.017 loading class 0x00000000026e0b00 done
Event: 0.017 loading class 0x00000000026e0b50
Event: 0.017 loading class 0x00000000026e0b50 done
Event: 0.017 loading class 0x00000000026e18d0
Event: 0.018 loading class 0x00000000026e18d0 done
Event: 0.018 loading class 0x00000000026e14f0
Event: 0.018 loading class 0x00000000026e14f0 done


Dynamic libraries:
0x00007ff7ecea0000 - 0x00007ff7eced3000 	C:\Program Files\Java\jdk1.7.0_79\bin\java.exe
0x00007ffd25d50000 - 0x00007ffd25f22000 	C:\WINDOWS\SYSTEM32\ntdll.dll
0x00007ffd237b0000 - 0x00007ffd2385c000 	C:\WINDOWS\System32\KERNEL32.DLL
0x00007ffd22f00000 - 0x00007ffd2311d000 	C:\WINDOWS\System32\KERNELBASE.dll
0x00007ffd25860000 - 0x00007ffd25902000 	C:\WINDOWS\System32\ADVAPI32.dll
0x00007ffd250a0000 - 0x00007ffd2513e000 	C:\WINDOWS\System32\msvcrt.dll
0x00007ffd25af0000 - 0x00007ffd25b49000 	C:\WINDOWS\System32\sechost.dll
0x00007ffd234b0000 - 0x00007ffd235d1000 	C:\WINDOWS\System32\RPCRT4.dll
0x00007ffd23640000 - 0x00007ffd237a5000 	C:\WINDOWS\System32\USER32.dll
0x00007ffd22930000 - 0x00007ffd2294e000 	C:\WINDOWS\System32\win32u.dll
0x00007ffd25060000 - 0x00007ffd25094000 	C:\WINDOWS\System32\GDI32.dll
0x00007ffd22b00000 - 0x00007ffd22c80000 	C:\WINDOWS\System32\gdi32full.dll
0x00007ffd13990000 - 0x00007ffd13c0a000 	C:\WINDOWS\WinSxS\amd64_microsoft.windows.common-controls_6595b64144ccf1df_6.0.14393.953_none_42151e83c686086b\COMCTL32.dll
0x00007ffd23860000 - 0x00007ffd23b28000 	C:\WINDOWS\System32\combase.dll
0x00007ffd22950000 - 0x00007ffd22a45000 	C:\WINDOWS\System32\ucrtbase.dll
0x00007ffd23180000 - 0x00007ffd231ea000 	C:\WINDOWS\System32\bcryptPrimitives.dll
0x00007ffd232e0000 - 0x00007ffd2330e000 	C:\WINDOWS\System32\IMM32.DLL
0x00000000724c0000 - 0x0000000072592000 	C:\Program Files\Java\jdk1.7.0_79\jre\bin\msvcr100.dll
0x0000000072ae0000 - 0x00000000732b5000 	C:\Program Files\Java\jdk1.7.0_79\jre\bin\server\jvm.dll
0x00007ffd25b50000 - 0x00007ffd25b58000 	C:\WINDOWS\System32\PSAPI.DLL
0x00007ffd0f8e0000 - 0x00007ffd0f8e9000 	C:\WINDOWS\SYSTEM32\WSOCK32.dll
0x00007ffd204a0000 - 0x00007ffd204c3000 	C:\WINDOWS\SYSTEM32\WINMM.dll
0x00007ffd257f0000 - 0x00007ffd2585a000 	C:\WINDOWS\System32\WS2_32.dll
0x00007ffd20470000 - 0x00007ffd2049b000 	C:\WINDOWS\SYSTEM32\WINMMBASE.dll
0x00007ffd231f0000 - 0x00007ffd23232000 	C:\WINDOWS\System32\cfgmgr32.dll
0x00000000734c0000 - 0x00000000734cf000 	C:\Program Files\Java\jdk1.7.0_79\jre\bin\verify.dll
0x0000000073490000 - 0x00000000734b8000 	C:\Program Files\Java\jdk1.7.0_79\jre\bin\java.dll
0x0000000073470000 - 0x0000000073485000 	C:\Program Files\Java\jdk1.7.0_79\jre\bin\zip.dll

VM Arguments:
jvm_args: -Djava.awt.headless=true -Xmx1024M -Dfile.encoding=windows-1252 -Duser.country=US -Duser.language=en -Duser.variant 
java_command: com.android.dx.command.Main --dex --num-threads=4 --output C:\Users\evitorsi\Desktop\ANDROID_CAMARA_APP\TSR\TSR\app\build\intermediates\pre-dexed\debug\support-annotations-23.4.0_92f163b15d20ada78fd7c05789ebd0821a1264b6.jar D:\Users\evitorsi\AppData\Local\Android\sdk\extras\android\m2repository\com\android\support\support-annotations\23.4.0\support-annotations-23.4.0.jar
Launcher Type: SUN_STANDARD

Environment Variables:
PATH=C:\Program Files\NVIDIA GPU Computing Toolkit\CUDA\v8.0\bin;C:\Program Files\NVIDIA GPU Computing Toolkit\CUDA\v8.0\libnvvp;C:\ProgramData\Oracle\Java\javapath;C:\Program Files (x86)\Intel\iCLS Client\;C:\Program Files\Intel\iCLS Client\;C:\WINDOWS\system32;C:\WINDOWS;C:\WINDOWS\System32\Wbem;C:\WINDOWS\System32\WindowsPowerShell\v1.0\;C:\Program Files\Intel\Intel(R) Management Engine Components\DAL;C:\Program Files\Intel\Intel(R) Management Engine Components\IPT;C:\Program Files (x86)\Intel\Intel(R) Management Engine Components\DAL;C:\Program Files (x86)\Intel\Intel(R) Management Engine Components\IPT;C:\Program Files\Intel\WiFi\bin\;C:\Program Files\Common Files\Intel\WirelessCommon\;C:\Program Files (x86)\Microsoft SQL Server\100\Tools\Binn\;C:\Program Files\Microsoft SQL Server\100\Tools\Binn\;C:\Program Files\Microsoft SQL Server\100\DTS\Binn\;D:\Program Files\MATLAB\R2009b\runtime\win64;D:\Program Files\MATLAB\R2009b\bin;C:\opencv_2_4_10\build\x86\vc10\bin;D:\Program Files (x86)\IVI Foundation\VISA\WinNT\Bin\;C:\Program Files\IVI Foundation\VISA\Win64\Bin\;D:\Program Files (x86)\IVI Foundation\VISA\WinNT\Bin;D:\Program Files (x86)\Zend\MySQL55\bin;D:\Program Files (x86)\Microchip\xc8\v1.37\bin;D:\Program Files (x86)\Windows Kits\10\Windows Performance Toolkit\;C:\Program Files (x86)\NVIDIA Corporation\PhysX\Common;C:\Program Files\nodejs\;C:\Program Files (x86)\Skype\Phone\;C:\Modeltech_pe_edu_10.4\win32pe_edu;D:\altera\13.0sp1\modelsim_ase\win32aloem;C:\Users\evitorsi\AppData\Local\Microsoft\WindowsApps;C:\Users\evitorsi\AppData\Roaming\npm;C:\Users\evitorsi\AppData\Local\GitHubDesktop\bin
USERNAME=evitorsi
OS=Windows_NT
PROCESSOR_IDENTIFIER=Intel64 Family 6 Model 60 Stepping 3, GenuineIntel



---------------  S Y S T E M  ---------------

OS: Windows 8.1 , 64 bit Build 9600 

CPU:total 8 (4 cores per cpu, 2 threads per core) family 6 model 60 stepping 3, cmov, cx8, fxsr, mmx, sse, sse2, sse3, ssse3, sse4.1, sse4.2, popcnt, avx, avx2, aes, erms, ht, tsc, tscinvbit

Memory: 4k page, physical 16657412k(3082812k free), swap 23467232k(296380k free)

vm_info: Java HotSpot(TM) 64-Bit Server VM (24.79-b02) for windows-amd64 JRE (1.7.0_79-b15), built on Apr 10 2015 12:36:16 by "java_re" with unknown MS VC++:1600

time: Sun Oct 29 14:03:06 2017
elapsed time: 0 seconds

